This file contains any messages produced by compilers while
running configure, to aid debugging if configure makes a mistake.

It was created by cbiexp configure 0.6, which was
generated by GNU Autoconf 2.59.  Invocation command line was

  $ ./configure --with-boost=/home/wslee/project/cbi/cbiexp-0.6/../boost_1_39_0/

## --------- ##
## Platform. ##
## --------- ##

hostname = fir08
uname -m = x86_64
uname -r = 3.16.0-4-amd64
uname -s = Linux
uname -v = #1 SMP Debian 3.16.7-ckt9-2 (2015-04-13)

/usr/bin/uname -p = unknown
/bin/uname -X     = unknown

/bin/arch              = unknown
/usr/bin/arch -k       = unknown
/usr/convex/getsysinfo = unknown
hostinfo               = unknown
/bin/machine           = unknown
/usr/bin/oslevel       = unknown
/bin/universe          = unknown

PATH: /usr/local/bin
PATH: /usr/bin
PATH: /bin
PATH: /usr/local/games
PATH: /usr/games


## ----------- ##
## Core tests. ##
## ----------- ##

configure:1560: checking for a BSD-compatible install
configure:1615: result: /usr/bin/install -c
configure:1626: checking whether build environment is sane
configure:1669: result: yes
configure:1734: checking for gawk
configure:1763: result: no
configure:1734: checking for mawk
configure:1750: found /usr/bin/mawk
configure:1760: result: mawk
configure:1770: checking whether make sets $(MAKE)
configure:1790: result: yes
configure:2043: checking build system type
configure:2061: result: x86_64-unknown-linux-gnu
configure:2069: checking host system type
configure:2083: result: x86_64-unknown-linux-gnu
configure:2103: checking for style of include used by make
configure:2131: result: GNU
configure:2202: checking for gcc
configure:2218: found /usr/bin/gcc
configure:2228: result: gcc
configure:2472: checking for C compiler version
configure:2475: gcc --version </dev/null >&5
gcc (Debian 4.9.2-10) 4.9.2
Copyright (C) 2014 Free Software Foundation, Inc.
This is free software; see the source for copying conditions.  There is NO
warranty; not even for MERCHANTABILITY or FITNESS FOR A PARTICULAR PURPOSE.

configure:2478: $? = 0
configure:2480: gcc -v </dev/null >&5
Using built-in specs.
COLLECT_GCC=gcc
COLLECT_LTO_WRAPPER=/usr/lib/gcc/x86_64-linux-gnu/4.9/lto-wrapper
Target: x86_64-linux-gnu
Configured with: ../src/configure -v --with-pkgversion='Debian 4.9.2-10' --with-bugurl=file:///usr/share/doc/gcc-4.9/README.Bugs --enable-languages=c,c++,java,go,d,fortran,objc,obj-c++ --prefix=/usr --program-suffix=-4.9 --enable-shared --enable-linker-build-id --libexecdir=/usr/lib --without-included-gettext --enable-threads=posix --with-gxx-include-dir=/usr/include/c++/4.9 --libdir=/usr/lib --enable-nls --with-sysroot=/ --enable-clocale=gnu --enable-libstdcxx-debug --enable-libstdcxx-time=yes --enable-gnu-unique-object --disable-vtable-verify --enable-plugin --with-system-zlib --disable-browser-plugin --enable-java-awt=gtk --enable-gtk-cairo --with-java-home=/usr/lib/jvm/java-1.5.0-gcj-4.9-amd64/jre --enable-java-home --with-jvm-root-dir=/usr/lib/jvm/java-1.5.0-gcj-4.9-amd64 --with-jvm-jar-dir=/usr/lib/jvm-exports/java-1.5.0-gcj-4.9-amd64 --with-arch-directory=amd64 --with-ecj-jar=/usr/share/java/eclipse-ecj.jar --enable-objc-gc --enable-multiarch --with-arch-32=i586 --with-abi=m64 --with-multilib-list=m32,m64,mx32 --enable-multilib --with-tune=generic --enable-checking=release --build=x86_64-linux-gnu --host=x86_64-linux-gnu --target=x86_64-linux-gnu
Thread model: posix
gcc version 4.9.2 (Debian 4.9.2-10) 
configure:2483: $? = 0
configure:2485: gcc -V </dev/null >&5
gcc: error: unrecognized command line option '-V'
gcc: fatal error: no input files
compilation terminated.
configure:2488: $? = 4
configure:2511: checking for C compiler default output file name
configure:2514: gcc    conftest.c  >&5
configure:2517: $? = 0
configure:2563: result: a.out
configure:2568: checking whether the C compiler works
configure:2574: ./a.out
configure:2577: $? = 0
configure:2594: result: yes
configure:2601: checking whether we are cross compiling
configure:2603: result: no
configure:2606: checking for suffix of executables
configure:2608: gcc -o conftest    conftest.c  >&5
configure:2611: $? = 0
configure:2636: result: 
configure:2642: checking for suffix of object files
configure:2663: gcc -c   conftest.c >&5
configure:2666: $? = 0
configure:2688: result: o
configure:2692: checking whether we are using the GNU C compiler
configure:2716: gcc -c   conftest.c >&5
configure:2722: $? = 0
configure:2726: test -z 
			 || test ! -s conftest.err
configure:2729: $? = 0
configure:2732: test -s conftest.o
configure:2735: $? = 0
configure:2748: result: yes
configure:2754: checking whether gcc accepts -g
configure:2775: gcc -c -g  conftest.c >&5
configure:2781: $? = 0
configure:2785: test -z 
			 || test ! -s conftest.err
configure:2788: $? = 0
configure:2791: test -s conftest.o
configure:2794: $? = 0
configure:2805: result: yes
configure:2822: checking for gcc option to accept ANSI C
configure:2892: gcc  -c -g -O2  conftest.c >&5
configure:2898: $? = 0
configure:2902: test -z 
			 || test ! -s conftest.err
configure:2905: $? = 0
configure:2908: test -s conftest.o
configure:2911: $? = 0
configure:2929: result: none needed
configure:2947: gcc -c -g -O2  conftest.c >&5
conftest.c:2:3: error: unknown type name 'choke'
   choke me
   ^
conftest.c:2:3: error: expected '=', ',', ';', 'asm' or '__attribute__' at end of input
configure:2953: $? = 1
configure: failed program was:
| #ifndef __cplusplus
|   choke me
| #endif
configure:3088: checking dependency style of gcc
configure:3178: result: gcc3
configure:3195: checking for a sed that does not truncate output
configure:3249: result: /bin/sed
configure:3252: checking for egrep
configure:3262: result: grep -E
configure:3278: checking for ld used by gcc
configure:3345: result: /usr/bin/ld
configure:3354: checking if the linker (/usr/bin/ld) is GNU ld
configure:3369: result: yes
configure:3374: checking for /usr/bin/ld option to reload object files
configure:3381: result: -r
configure:3390: checking for BSD-compatible nm
configure:3432: result: /usr/bin/nm -B
configure:3436: checking whether ln -s works
configure:3440: result: yes
configure:3447: checking how to recognise dependent libraries
configure:3630: result: pass_all
configure:3715: gcc -c -g -O2  conftest.c >&5
configure:3718: $? = 0
configure:3844: checking how to run the C preprocessor
configure:3879: gcc -E  conftest.c
configure:3885: $? = 0
configure:3917: gcc -E  conftest.c
conftest.c:11:28: fatal error: ac_nonexistent.h: No such file or directory
 #include <ac_nonexistent.h>
                            ^
compilation terminated.
configure:3923: $? = 1
configure: failed program was:
| /* confdefs.h.  */
| 
| #define PACKAGE_NAME "cbiexp"
| #define PACKAGE_TARNAME "cbiexp"
| #define PACKAGE_VERSION "0.6"
| #define PACKAGE_STRING "cbiexp 0.6"
| #define PACKAGE_BUGREPORT ""
| #define PACKAGE "cbiexp"
| #define VERSION "0.6"
| /* end confdefs.h.  */
| #include <ac_nonexistent.h>
configure:3962: result: gcc -E
configure:3986: gcc -E  conftest.c
configure:3992: $? = 0
configure:4024: gcc -E  conftest.c
conftest.c:11:28: fatal error: ac_nonexistent.h: No such file or directory
 #include <ac_nonexistent.h>
                            ^
compilation terminated.
configure:4030: $? = 1
configure: failed program was:
| /* confdefs.h.  */
| 
| #define PACKAGE_NAME "cbiexp"
| #define PACKAGE_TARNAME "cbiexp"
| #define PACKAGE_VERSION "0.6"
| #define PACKAGE_STRING "cbiexp 0.6"
| #define PACKAGE_BUGREPORT ""
| #define PACKAGE "cbiexp"
| #define VERSION "0.6"
| /* end confdefs.h.  */
| #include <ac_nonexistent.h>
configure:4074: checking for ANSI C header files
configure:4099: gcc -c -g -O2  conftest.c >&5
configure:4105: $? = 0
configure:4109: test -z 
			 || test ! -s conftest.err
configure:4112: $? = 0
configure:4115: test -s conftest.o
configure:4118: $? = 0
configure:4207: gcc -o conftest -g -O2   conftest.c  >&5
conftest.c: In function 'main':
conftest.c:28:7: warning: incompatible implicit declaration of built-in function 'exit'
       exit(2);
       ^
configure:4210: $? = 0
configure:4212: ./conftest
configure:4215: $? = 0
configure:4230: result: yes
configure:4254: checking for sys/types.h
configure:4270: gcc -c -g -O2  conftest.c >&5
configure:4276: $? = 0
configure:4280: test -z 
			 || test ! -s conftest.err
configure:4283: $? = 0
configure:4286: test -s conftest.o
configure:4289: $? = 0
configure:4300: result: yes
configure:4254: checking for sys/stat.h
configure:4270: gcc -c -g -O2  conftest.c >&5
configure:4276: $? = 0
configure:4280: test -z 
			 || test ! -s conftest.err
configure:4283: $? = 0
configure:4286: test -s conftest.o
configure:4289: $? = 0
configure:4300: result: yes
configure:4254: checking for stdlib.h
configure:4270: gcc -c -g -O2  conftest.c >&5
configure:4276: $? = 0
configure:4280: test -z 
			 || test ! -s conftest.err
configure:4283: $? = 0
configure:4286: test -s conftest.o
configure:4289: $? = 0
configure:4300: result: yes
configure:4254: checking for string.h
configure:4270: gcc -c -g -O2  conftest.c >&5
configure:4276: $? = 0
configure:4280: test -z 
			 || test ! -s conftest.err
configure:4283: $? = 0
configure:4286: test -s conftest.o
configure:4289: $? = 0
configure:4300: result: yes
configure:4254: checking for memory.h
configure:4270: gcc -c -g -O2  conftest.c >&5
configure:4276: $? = 0
configure:4280: test -z 
			 || test ! -s conftest.err
configure:4283: $? = 0
configure:4286: test -s conftest.o
configure:4289: $? = 0
configure:4300: result: yes
configure:4254: checking for strings.h
configure:4270: gcc -c -g -O2  conftest.c >&5
configure:4276: $? = 0
configure:4280: test -z 
			 || test ! -s conftest.err
configure:4283: $? = 0
configure:4286: test -s conftest.o
configure:4289: $? = 0
configure:4300: result: yes
configure:4254: checking for inttypes.h
configure:4270: gcc -c -g -O2  conftest.c >&5
configure:4276: $? = 0
configure:4280: test -z 
			 || test ! -s conftest.err
configure:4283: $? = 0
configure:4286: test -s conftest.o
configure:4289: $? = 0
configure:4300: result: yes
configure:4254: checking for stdint.h
configure:4270: gcc -c -g -O2  conftest.c >&5
configure:4276: $? = 0
configure:4280: test -z 
			 || test ! -s conftest.err
configure:4283: $? = 0
configure:4286: test -s conftest.o
configure:4289: $? = 0
configure:4300: result: yes
configure:4254: checking for unistd.h
configure:4270: gcc -c -g -O2  conftest.c >&5
configure:4276: $? = 0
configure:4280: test -z 
			 || test ! -s conftest.err
configure:4283: $? = 0
configure:4286: test -s conftest.o
configure:4289: $? = 0
configure:4300: result: yes
configure:4326: checking dlfcn.h usability
configure:4338: gcc -c -g -O2  conftest.c >&5
configure:4344: $? = 0
configure:4348: test -z 
			 || test ! -s conftest.err
configure:4351: $? = 0
configure:4354: test -s conftest.o
configure:4357: $? = 0
configure:4367: result: yes
configure:4371: checking dlfcn.h presence
configure:4381: gcc -E  conftest.c
configure:4387: $? = 0
configure:4407: result: yes
configure:4442: checking for dlfcn.h
configure:4449: result: yes
configure:4514: checking for g++
configure:4530: found /usr/bin/g++
configure:4540: result: g++
configure:4556: checking for C++ compiler version
configure:4559: g++ --version </dev/null >&5
g++ (Debian 4.9.2-10) 4.9.2
Copyright (C) 2014 Free Software Foundation, Inc.
This is free software; see the source for copying conditions.  There is NO
warranty; not even for MERCHANTABILITY or FITNESS FOR A PARTICULAR PURPOSE.

configure:4562: $? = 0
configure:4564: g++ -v </dev/null >&5
Using built-in specs.
COLLECT_GCC=g++
COLLECT_LTO_WRAPPER=/usr/lib/gcc/x86_64-linux-gnu/4.9/lto-wrapper
Target: x86_64-linux-gnu
Configured with: ../src/configure -v --with-pkgversion='Debian 4.9.2-10' --with-bugurl=file:///usr/share/doc/gcc-4.9/README.Bugs --enable-languages=c,c++,java,go,d,fortran,objc,obj-c++ --prefix=/usr --program-suffix=-4.9 --enable-shared --enable-linker-build-id --libexecdir=/usr/lib --without-included-gettext --enable-threads=posix --with-gxx-include-dir=/usr/include/c++/4.9 --libdir=/usr/lib --enable-nls --with-sysroot=/ --enable-clocale=gnu --enable-libstdcxx-debug --enable-libstdcxx-time=yes --enable-gnu-unique-object --disable-vtable-verify --enable-plugin --with-system-zlib --disable-browser-plugin --enable-java-awt=gtk --enable-gtk-cairo --with-java-home=/usr/lib/jvm/java-1.5.0-gcj-4.9-amd64/jre --enable-java-home --with-jvm-root-dir=/usr/lib/jvm/java-1.5.0-gcj-4.9-amd64 --with-jvm-jar-dir=/usr/lib/jvm-exports/java-1.5.0-gcj-4.9-amd64 --with-arch-directory=amd64 --with-ecj-jar=/usr/share/java/eclipse-ecj.jar --enable-objc-gc --enable-multiarch --with-arch-32=i586 --with-abi=m64 --with-multilib-list=m32,m64,mx32 --enable-multilib --with-tune=generic --enable-checking=release --build=x86_64-linux-gnu --host=x86_64-linux-gnu --target=x86_64-linux-gnu
Thread model: posix
gcc version 4.9.2 (Debian 4.9.2-10) 
configure:4567: $? = 0
configure:4569: g++ -V </dev/null >&5
g++: error: unrecognized command line option '-V'
g++: fatal error: no input files
compilation terminated.
configure:4572: $? = 4
configure:4575: checking whether we are using the GNU C++ compiler
configure:4599: g++ -c   conftest.cc >&5
configure:4605: $? = 0
configure:4609: test -z 
			 || test ! -s conftest.err
configure:4612: $? = 0
configure:4615: test -s conftest.o
configure:4618: $? = 0
configure:4631: result: yes
configure:4637: checking whether g++ accepts -g
configure:4658: g++ -c -g  conftest.cc >&5
configure:4664: $? = 0
configure:4668: test -z 
			 || test ! -s conftest.err
configure:4671: $? = 0
configure:4674: test -s conftest.o
configure:4677: $? = 0
configure:4688: result: yes
configure:4730: g++ -c -g -O2  conftest.cc >&5
configure:4736: $? = 0
configure:4740: test -z 
			 || test ! -s conftest.err
configure:4743: $? = 0
configure:4746: test -s conftest.o
configure:4749: $? = 0
configure:4775: g++ -c -g -O2  conftest.cc >&5
conftest.cc: In function 'int main()':
conftest.cc:26:9: error: 'exit' was not declared in this scope
 exit (42);
         ^
configure:4781: $? = 1
configure: failed program was:
| /* confdefs.h.  */
| 
| #define PACKAGE_NAME "cbiexp"
| #define PACKAGE_TARNAME "cbiexp"
| #define PACKAGE_VERSION "0.6"
| #define PACKAGE_STRING "cbiexp 0.6"
| #define PACKAGE_BUGREPORT ""
| #define PACKAGE "cbiexp"
| #define VERSION "0.6"
| #define STDC_HEADERS 1
| #define HAVE_SYS_TYPES_H 1
| #define HAVE_SYS_STAT_H 1
| #define HAVE_STDLIB_H 1
| #define HAVE_STRING_H 1
| #define HAVE_MEMORY_H 1
| #define HAVE_STRINGS_H 1
| #define HAVE_INTTYPES_H 1
| #define HAVE_STDINT_H 1
| #define HAVE_UNISTD_H 1
| #define HAVE_DLFCN_H 1
| /* end confdefs.h.  */
| 
| int
| main ()
| {
| exit (42);
|   ;
|   return 0;
| }
configure:4730: g++ -c -g -O2  conftest.cc >&5
conftest.cc:22:40: error: 'void std::exit(int)' should have been declared inside 'std'
 extern "C" void std::exit (int) throw (); using std::exit;
                                        ^
configure:4736: $? = 1
configure: failed program was:
| /* confdefs.h.  */
| 
| #define PACKAGE_NAME "cbiexp"
| #define PACKAGE_TARNAME "cbiexp"
| #define PACKAGE_VERSION "0.6"
| #define PACKAGE_STRING "cbiexp 0.6"
| #define PACKAGE_BUGREPORT ""
| #define PACKAGE "cbiexp"
| #define VERSION "0.6"
| #define STDC_HEADERS 1
| #define HAVE_SYS_TYPES_H 1
| #define HAVE_SYS_STAT_H 1
| #define HAVE_STDLIB_H 1
| #define HAVE_STRING_H 1
| #define HAVE_MEMORY_H 1
| #define HAVE_STRINGS_H 1
| #define HAVE_INTTYPES_H 1
| #define HAVE_STDINT_H 1
| #define HAVE_UNISTD_H 1
| #define HAVE_DLFCN_H 1
| /* end confdefs.h.  */
| extern "C" void std::exit (int) throw (); using std::exit;
| #include <stdlib.h>
| int
| main ()
| {
| exit (42);
|   ;
|   return 0;
| }
configure:4730: g++ -c -g -O2  conftest.cc >&5
conftest.cc:22:31: error: 'void std::exit(int)' should have been declared inside 'std'
 extern "C" void std::exit (int); using std::exit;
                               ^
In file included from conftest.cc:23:0:
/usr/include/stdlib.h:543:70: error: declaration of 'void std::exit(int) throw ()' has a different exception specifier
 extern void exit (int __status) __THROW __attribute__ ((__noreturn__));
                                                                      ^
conftest.cc:22:17: error: from previous declaration 'void std::exit(int)'
 extern "C" void std::exit (int); using std::exit;
                 ^
configure:4736: $? = 1
configure: failed program was:
| /* confdefs.h.  */
| 
| #define PACKAGE_NAME "cbiexp"
| #define PACKAGE_TARNAME "cbiexp"
| #define PACKAGE_VERSION "0.6"
| #define PACKAGE_STRING "cbiexp 0.6"
| #define PACKAGE_BUGREPORT ""
| #define PACKAGE "cbiexp"
| #define VERSION "0.6"
| #define STDC_HEADERS 1
| #define HAVE_SYS_TYPES_H 1
| #define HAVE_SYS_STAT_H 1
| #define HAVE_STDLIB_H 1
| #define HAVE_STRING_H 1
| #define HAVE_MEMORY_H 1
| #define HAVE_STRINGS_H 1
| #define HAVE_INTTYPES_H 1
| #define HAVE_STDINT_H 1
| #define HAVE_UNISTD_H 1
| #define HAVE_DLFCN_H 1
| /* end confdefs.h.  */
| extern "C" void std::exit (int); using std::exit;
| #include <stdlib.h>
| int
| main ()
| {
| exit (42);
|   ;
|   return 0;
| }
configure:4730: g++ -c -g -O2  conftest.cc >&5
configure:4736: $? = 0
configure:4740: test -z 
			 || test ! -s conftest.err
configure:4743: $? = 0
configure:4746: test -s conftest.o
configure:4749: $? = 0
configure:4775: g++ -c -g -O2  conftest.cc >&5
configure:4781: $? = 0
configure:4785: test -z 
			 || test ! -s conftest.err
configure:4788: $? = 0
configure:4791: test -s conftest.o
configure:4794: $? = 0
configure:4819: checking dependency style of g++
configure:4909: result: gcc3
configure:4931: checking how to run the C++ preprocessor
configure:4962: g++ -E  conftest.cc
configure:4968: $? = 0
configure:5000: g++ -E  conftest.cc
conftest.cc:25:28: fatal error: ac_nonexistent.h: No such file or directory
 #include <ac_nonexistent.h>
                            ^
compilation terminated.
configure:5006: $? = 1
configure: failed program was:
| /* confdefs.h.  */
| 
| #define PACKAGE_NAME "cbiexp"
| #define PACKAGE_TARNAME "cbiexp"
| #define PACKAGE_VERSION "0.6"
| #define PACKAGE_STRING "cbiexp 0.6"
| #define PACKAGE_BUGREPORT ""
| #define PACKAGE "cbiexp"
| #define VERSION "0.6"
| #define STDC_HEADERS 1
| #define HAVE_SYS_TYPES_H 1
| #define HAVE_SYS_STAT_H 1
| #define HAVE_STDLIB_H 1
| #define HAVE_STRING_H 1
| #define HAVE_MEMORY_H 1
| #define HAVE_STRINGS_H 1
| #define HAVE_INTTYPES_H 1
| #define HAVE_STDINT_H 1
| #define HAVE_UNISTD_H 1
| #define HAVE_DLFCN_H 1
| #ifdef __cplusplus
| extern "C" void exit (int) throw ();
| #endif
| /* end confdefs.h.  */
| #include <ac_nonexistent.h>
configure:5045: result: g++ -E
configure:5069: g++ -E  conftest.cc
configure:5075: $? = 0
configure:5107: g++ -E  conftest.cc
conftest.cc:25:28: fatal error: ac_nonexistent.h: No such file or directory
 #include <ac_nonexistent.h>
                            ^
compilation terminated.
configure:5113: $? = 1
configure: failed program was:
| /* confdefs.h.  */
| 
| #define PACKAGE_NAME "cbiexp"
| #define PACKAGE_TARNAME "cbiexp"
| #define PACKAGE_VERSION "0.6"
| #define PACKAGE_STRING "cbiexp 0.6"
| #define PACKAGE_BUGREPORT ""
| #define PACKAGE "cbiexp"
| #define VERSION "0.6"
| #define STDC_HEADERS 1
| #define HAVE_SYS_TYPES_H 1
| #define HAVE_SYS_STAT_H 1
| #define HAVE_STDLIB_H 1
| #define HAVE_STRING_H 1
| #define HAVE_MEMORY_H 1
| #define HAVE_STRINGS_H 1
| #define HAVE_INTTYPES_H 1
| #define HAVE_STDINT_H 1
| #define HAVE_UNISTD_H 1
| #define HAVE_DLFCN_H 1
| #ifdef __cplusplus
| extern "C" void exit (int) throw ();
| #endif
| /* end confdefs.h.  */
| #include <ac_nonexistent.h>
configure:5208: checking for g77
configure:5237: result: no
configure:5208: checking for f77
configure:5237: result: no
configure:5208: checking for xlf
configure:5237: result: no
configure:5208: checking for frt
configure:5237: result: no
configure:5208: checking for pgf77
configure:5237: result: no
configure:5208: checking for fort77
configure:5237: result: no
configure:5208: checking for fl32
configure:5237: result: no
configure:5208: checking for af77
configure:5237: result: no
configure:5208: checking for f90
configure:5237: result: no
configure:5208: checking for xlf90
configure:5237: result: no
configure:5208: checking for pgf90
configure:5237: result: no
configure:5208: checking for epcf90
configure:5237: result: no
configure:5208: checking for f95
configure:5237: result: no
configure:5208: checking for fort
configure:5237: result: no
configure:5208: checking for xlf95
configure:5237: result: no
configure:5208: checking for ifc
configure:5237: result: no
configure:5208: checking for efc
configure:5237: result: no
configure:5208: checking for pgf95
configure:5237: result: no
configure:5208: checking for lf95
configure:5237: result: no
configure:5208: checking for gfortran
configure:5237: result: no
configure:5249: checking for Fortran 77 compiler version
configure:5252:  --version </dev/null >&5
./configure: line 5253: --version: command not found
configure:5255: $? = 127
configure:5257:  -v </dev/null >&5
./configure: line 5258: -v: command not found
configure:5260: $? = 127
configure:5262:  -V </dev/null >&5
./configure: line 5263: -V: command not found
configure:5265: $? = 127
configure:5273: checking whether we are using the GNU Fortran 77 compiler
configure:5287:  -c  conftest.F >&5
./configure: line 5288: -c: command not found
configure:5293: $? = 127
configure: failed program was:
|       program main
| #ifndef __GNUC__
|        choke me
| #endif
| 
|       end
configure:5319: result: no
configure:5325: checking whether  accepts -g
configure:5337:  -c -g conftest.f >&5
./configure: line 5338: -c: command not found
configure:5343: $? = 127
configure: failed program was:
|       program main
| 
|       end
configure:5368: result: no
configure:5398: checking the maximum length of command line arguments
configure:5463: result: 32768
configure:5474: checking command to parse /usr/bin/nm -B output from gcc object
configure:5563: gcc -c -g -O2  conftest.c >&5
configure:5566: $? = 0
configure:5570: /usr/bin/nm -B conftest.o \| sed -n -e 's/^.*[ 	]\([ABCDGIRSTW][ABCDGIRSTW]*\)[ 	][ 	]*\(\)\([_A-Za-z][_A-Za-z0-9]*\)$/\1 \2\3 \3/p' \> conftest.nm
configure:5573: $? = 0
configure:5625: gcc -o conftest -g -O2   conftest.c conftstm.o >&5
configure:5628: $? = 0
configure:5666: result: ok
configure:5670: checking for objdir
configure:5685: result: .libs
configure:5775: checking for ar
configure:5791: found /usr/bin/ar
configure:5802: result: ar
configure:5855: checking for ranlib
configure:5871: found /usr/bin/ranlib
configure:5882: result: ranlib
configure:5935: checking for strip
configure:5951: found /usr/bin/strip
configure:5962: result: strip
configure:6224: checking if gcc static flag  works
configure:6247: result: yes
configure:6265: checking if gcc supports -fno-rtti -fno-exceptions
configure:6283: gcc -c -g -O2  -fno-rtti -fno-exceptions conftest.c >&5
cc1: warning: command line option '-fno-rtti' is valid for C++/ObjC++ but not for C
configure:6287: $? = 0
configure:6298: result: no
configure:6313: checking for gcc option to produce PIC
configure:6490: result: -fPIC
configure:6498: checking if gcc PIC flag -fPIC works
configure:6516: gcc -c -g -O2  -fPIC -DPIC conftest.c >&5
configure:6520: $? = 0
configure:6531: result: yes
configure:6555: checking if gcc supports -c -o file.o
configure:6576: gcc -c -g -O2  -o out/conftest2.o conftest.c >&5
configure:6580: $? = 0
configure:6600: result: yes
configure:6626: checking whether the gcc linker (/usr/bin/ld -m elf_x86_64) supports shared libraries
configure:7474: result: yes
configure:7500: checking whether -lc should be explicitly linked in
configure:7505: gcc -c -g -O2  conftest.c >&5
configure:7508: $? = 0
configure:7522: gcc -shared conftest.o  -v -Wl,-soname -Wl,conftest -o conftest 2\>\&1 \| grep  -lc  \>/dev/null 2\>\&1
configure:7525: $? = 0
configure:7537: result: no
configure:7545: checking dynamic linker characteristics
configure:7911: gcc -c -g -O2  conftest.c >&5
configure:7914: $? = 0
configure:8106: result: GNU/Linux ld.so
configure:8110: checking how to hardcode library paths into programs
configure:8135: result: immediate
configure:8149: checking whether stripping libraries is possible
configure:8154: result: yes
configure:8984: checking if libtool supports shared libraries
configure:8986: result: yes
configure:8989: checking whether to build shared libraries
configure:9047: result: yes
configure:9050: checking whether to build static libraries
configure:9054: result: yes
configure:9146: creating libtool
configure:9693: checking for ld used by g++
configure:9760: result: /usr/bin/ld -m elf_x86_64
configure:9769: checking if the linker (/usr/bin/ld -m elf_x86_64) is GNU ld
configure:9784: result: yes
configure:9835: checking whether the g++ linker (/usr/bin/ld -m elf_x86_64) supports shared libraries
configure:10663: result: yes
configure:10681: g++ -c -g -O2  conftest.cc >&5
configure:10684: $? = 0
configure:10780: checking for g++ option to produce PIC
configure:11032: result: -fPIC
configure:11040: checking if g++ PIC flag -fPIC works
configure:11058: g++ -c -g -O2  -fPIC -DPIC conftest.cc >&5
configure:11062: $? = 0
configure:11073: result: yes
configure:11097: checking if g++ supports -c -o file.o
configure:11118: g++ -c -g -O2  -o out/conftest2.o conftest.cc >&5
configure:11122: $? = 0
configure:11142: result: yes
configure:11168: checking whether the g++ linker (/usr/bin/ld -m elf_x86_64) supports shared libraries
configure:11193: result: yes
configure:11264: checking dynamic linker characteristics
configure:11630: g++ -c -g -O2  conftest.cc >&5
configure:11633: $? = 0
configure:11825: result: GNU/Linux ld.so
configure:11829: checking how to hardcode library paths into programs
configure:11854: result: immediate
configure:11868: checking whether stripping libraries is possible
configure:11873: result: yes
configure:19244: checking for C++ compiler version
configure:19247: g++ --version </dev/null >&5
g++ (Debian 4.9.2-10) 4.9.2
Copyright (C) 2014 Free Software Foundation, Inc.
This is free software; see the source for copying conditions.  There is NO
warranty; not even for MERCHANTABILITY or FITNESS FOR A PARTICULAR PURPOSE.

configure:19250: $? = 0
configure:19252: g++ -v </dev/null >&5
Using built-in specs.
COLLECT_GCC=g++
COLLECT_LTO_WRAPPER=/usr/lib/gcc/x86_64-linux-gnu/4.9/lto-wrapper
Target: x86_64-linux-gnu
Configured with: ../src/configure -v --with-pkgversion='Debian 4.9.2-10' --with-bugurl=file:///usr/share/doc/gcc-4.9/README.Bugs --enable-languages=c,c++,java,go,d,fortran,objc,obj-c++ --prefix=/usr --program-suffix=-4.9 --enable-shared --enable-linker-build-id --libexecdir=/usr/lib --without-included-gettext --enable-threads=posix --with-gxx-include-dir=/usr/include/c++/4.9 --libdir=/usr/lib --enable-nls --with-sysroot=/ --enable-clocale=gnu --enable-libstdcxx-debug --enable-libstdcxx-time=yes --enable-gnu-unique-object --disable-vtable-verify --enable-plugin --with-system-zlib --disable-browser-plugin --enable-java-awt=gtk --enable-gtk-cairo --with-java-home=/usr/lib/jvm/java-1.5.0-gcj-4.9-amd64/jre --enable-java-home --with-jvm-root-dir=/usr/lib/jvm/java-1.5.0-gcj-4.9-amd64 --with-jvm-jar-dir=/usr/lib/jvm-exports/java-1.5.0-gcj-4.9-amd64 --with-arch-directory=amd64 --with-ecj-jar=/usr/share/java/eclipse-ecj.jar --enable-objc-gc --enable-multiarch --with-arch-32=i586 --with-abi=m64 --with-multilib-list=m32,m64,mx32 --enable-multilib --with-tune=generic --enable-checking=release --build=x86_64-linux-gnu --host=x86_64-linux-gnu --target=x86_64-linux-gnu
Thread model: posix
gcc version 4.9.2 (Debian 4.9.2-10) 
configure:19255: $? = 0
configure:19257: g++ -V </dev/null >&5
g++: error: unrecognized command line option '-V'
g++: fatal error: no input files
compilation terminated.
configure:19260: $? = 4
configure:19263: checking whether we are using the GNU C++ compiler
configure:19319: result: yes
configure:19325: checking whether g++ accepts -g
configure:19376: result: yes
configure:19418: g++ -c -g -O2  conftest.cc >&5
configure:19424: $? = 0
configure:19428: test -z 
			 || test ! -s conftest.err
configure:19431: $? = 0
configure:19434: test -s conftest.o
configure:19437: $? = 0
configure:19463: g++ -c -g -O2  conftest.cc >&5
configure:19469: $? = 0
configure:19473: test -z 
			 || test ! -s conftest.err
configure:19476: $? = 0
configure:19479: test -s conftest.o
configure:19482: $? = 0
configure:19507: checking dependency style of g++
configure:19597: result: gcc3
configure:19618: checking for flex
configure:19634: found /usr/bin/flex
configure:19644: result: flex
configure:19657: checking for yywrap in -lfl
configure:19687: gcc -o conftest -g -O2   conftest.c -lfl   >&5
configure:19693: $? = 0
configure:19697: test -z 
			 || test ! -s conftest.err
configure:19700: $? = 0
configure:19703: test -s conftest
configure:19706: $? = 0
configure:19719: result: yes
configure:19797: checking lex output file root
configure:19808: flex conftest.l
configure:19811: $? = 0
configure:19823: result: lex.yy
configure:19828: checking whether yytext is a pointer
configure:19844: gcc -o conftest -g -O2   conftest.c  -lfl >&5
configure:19850: $? = 0
configure:19854: test -z 
			 || test ! -s conftest.err
configure:19857: $? = 0
configure:19860: test -s conftest
configure:19863: $? = 0
configure:19877: result: yes
configure:19903: checking for GNU C++ compiler version
configure:19923: g++ -E  conftest.cc
configure:19929: $? = 0
configure:19941: result: 3.3.x or later
configure:19970: checking argp.h usability
configure:19982: g++ -c -g -O2  conftest.cc >&5
configure:19988: $? = 0
configure:19992: test -z 
			 || test ! -s conftest.err
configure:19995: $? = 0
configure:19998: test -s conftest.o
configure:20001: $? = 0
configure:20011: result: yes
configure:20015: checking argp.h presence
configure:20025: g++ -E  conftest.cc
configure:20031: $? = 0
configure:20051: result: yes
configure:20086: checking for argp.h
configure:20093: result: yes
configure:19961: checking for dlfcn.h
configure:19966: result: yes
configure:20107: checking for GNU C++ verbose terminate handler
configure:20125: g++ -c -g -O2  conftest.cc >&5
configure:20131: $? = 0
configure:20135: test -z 
			 || test ! -s conftest.err
configure:20138: $? = 0
configure:20141: test -s conftest.o
configure:20144: $? = 0
configure:20151: result: yes
configure:20206: checking for gsl-config
configure:20224: found /usr/bin/gsl-config
configure:20237: result: /usr/bin/gsl-config
configure:20245: checking for GSL - version >= 0.2.5
configure:20350: g++ -o conftest -g -O2   conftest.cc  -L/usr/lib -lgsl -lgslcblas -lm >&5
configure:20353: $? = 0
configure:20355: ./conftest
configure:20358: $? = 0
configure:20376: result: yes
configure:20478: checking gsl/gsl_cdf.h usability
configure:20490: g++ -c -g -O2  conftest.cc >&5
configure:20496: $? = 0
configure:20500: test -z 
			 || test ! -s conftest.err
configure:20503: $? = 0
configure:20506: test -s conftest.o
configure:20509: $? = 0
configure:20519: result: yes
configure:20523: checking gsl/gsl_cdf.h presence
configure:20533: g++ -E  conftest.cc
configure:20539: $? = 0
configure:20559: result: yes
configure:20594: checking for gsl/gsl_cdf.h
configure:20601: result: yes
configure:20648: checking boost/version.hpp usability
configure:20660: g++ -c -g -O2  -I/home/wslee/project/cbi/cbiexp-0.6/../boost_1_39_0/ conftest.cc >&5
configure:20666: $? = 0
configure:20670: test -z 
			 || test ! -s conftest.err
configure:20673: $? = 0
configure:20676: test -s conftest.o
configure:20679: $? = 0
configure:20689: result: yes
configure:20693: checking boost/version.hpp presence
configure:20703: g++ -E  -I/home/wslee/project/cbi/cbiexp-0.6/../boost_1_39_0/ conftest.cc
configure:20709: $? = 0
configure:20729: result: yes
configure:20764: checking for boost/version.hpp
configure:20771: result: yes
configure:20793: checking for mex
configure:20822: result: no
configure:20843: checking for perl
configure:20861: found /usr/bin/perl
configure:20873: result: /usr/bin/perl
configure:20905: checking cs_api_defs.h usability
configure:20917: g++ -c -g -O2  -I/p/cbi/public/codesurfer/api/include conftest.cc >&5
conftest.cc:63:25: fatal error: cs_api_defs.h: No such file or directory
 #include <cs_api_defs.h>
                         ^
compilation terminated.
configure:20923: $? = 1
configure: failed program was:
| /* confdefs.h.  */
| 
| #define PACKAGE_NAME "cbiexp"
| #define PACKAGE_TARNAME "cbiexp"
| #define PACKAGE_VERSION "0.6"
| #define PACKAGE_STRING "cbiexp 0.6"
| #define PACKAGE_BUGREPORT ""
| #define PACKAGE "cbiexp"
| #define VERSION "0.6"
| #define STDC_HEADERS 1
| #define HAVE_SYS_TYPES_H 1
| #define HAVE_SYS_STAT_H 1
| #define HAVE_STDLIB_H 1
| #define HAVE_STRING_H 1
| #define HAVE_MEMORY_H 1
| #define HAVE_STRINGS_H 1
| #define HAVE_INTTYPES_H 1
| #define HAVE_STDINT_H 1
| #define HAVE_UNISTD_H 1
| #define HAVE_DLFCN_H 1
| #ifdef __cplusplus
| extern "C" void exit (int) throw ();
| #endif
| #define YYTEXT_POINTER 1
| #define HAVE_ARGP_H 1
| #define HAVE_DLFCN_H 1
| #define HAVE_GNU_CXX_VERBOSE_TERMINATE_HANDLER 1
| /* end confdefs.h.  */
| #include <stdio.h>
| #if HAVE_SYS_TYPES_H
| # include <sys/types.h>
| #endif
| #if HAVE_SYS_STAT_H
| # include <sys/stat.h>
| #endif
| #if STDC_HEADERS
| # include <stdlib.h>
| # include <stddef.h>
| #else
| # if HAVE_STDLIB_H
| #  include <stdlib.h>
| # endif
| #endif
| #if HAVE_STRING_H
| # if !STDC_HEADERS && HAVE_MEMORY_H
| #  include <memory.h>
| # endif
| # include <string.h>
| #endif
| #if HAVE_STRINGS_H
| # include <strings.h>
| #endif
| #if HAVE_INTTYPES_H
| # include <inttypes.h>
| #else
| # if HAVE_STDINT_H
| #  include <stdint.h>
| # endif
| #endif
| #if HAVE_UNISTD_H
| # include <unistd.h>
| #endif
| #include <cs_api_defs.h>
configure:20946: result: no
configure:20950: checking cs_api_defs.h presence
configure:20960: g++ -E  -I/p/cbi/public/codesurfer/api/include conftest.cc
conftest.cc:29:25: fatal error: cs_api_defs.h: No such file or directory
 #include <cs_api_defs.h>
                         ^
compilation terminated.
configure:20966: $? = 1
configure: failed program was:
| /* confdefs.h.  */
| 
| #define PACKAGE_NAME "cbiexp"
| #define PACKAGE_TARNAME "cbiexp"
| #define PACKAGE_VERSION "0.6"
| #define PACKAGE_STRING "cbiexp 0.6"
| #define PACKAGE_BUGREPORT ""
| #define PACKAGE "cbiexp"
| #define VERSION "0.6"
| #define STDC_HEADERS 1
| #define HAVE_SYS_TYPES_H 1
| #define HAVE_SYS_STAT_H 1
| #define HAVE_STDLIB_H 1
| #define HAVE_STRING_H 1
| #define HAVE_MEMORY_H 1
| #define HAVE_STRINGS_H 1
| #define HAVE_INTTYPES_H 1
| #define HAVE_STDINT_H 1
| #define HAVE_UNISTD_H 1
| #define HAVE_DLFCN_H 1
| #ifdef __cplusplus
| extern "C" void exit (int) throw ();
| #endif
| #define YYTEXT_POINTER 1
| #define HAVE_ARGP_H 1
| #define HAVE_DLFCN_H 1
| #define HAVE_GNU_CXX_VERBOSE_TERMINATE_HANDLER 1
| /* end confdefs.h.  */
| #include <cs_api_defs.h>
configure:20986: result: no
configure:21021: checking for cs_api_defs.h
configure:21028: result: no
configure:21041: checking for CodeSurfer
configure:21053: result: no
configure:21163: checking for sampler-cc
configure:21181: found /usr/local/bin/sampler-cc
configure:21193: result: /usr/local/bin/sampler-cc
configure:21209: checking sampler tools
configure:21212: result: /usr/local/lib/sampler/tools
configure:21227: checking for amplify support
configure:21236: result: no
configure:21276: checking for plsa support
configure:21285: result: no
configure:21304: checking for plsa coloring support
configure:21313: result: no
configure:21558: creating ./config.status

## ---------------------- ##
## Running config.status. ##
## ---------------------- ##

This file was extended by cbiexp config.status 0.6, which was
generated by GNU Autoconf 2.59.  Invocation command line was

  CONFIG_FILES    = 
  CONFIG_HEADERS  = 
  CONFIG_LINKS    = 
  CONFIG_COMMANDS = 
  $ ./config.status 

on fir08

config.status:777: creating Makefile
config.status:777: creating correlations/Makefile
config.status:777: creating src/Makefile
config.status:777: creating src/corrective-ranking/Makefile
config.status:777: creating src/effort/Makefile
config.status:777: creating src/evaluateplsa/analysis-rules.mk
config.status:777: creating src/evaluateplsa/Makefile
config.status:777: creating src/fromplsa/analysis-rules.mk
config.status:777: creating src/fromplsa/Makefile
config.status:777: creating src/fromplsa/toxml/Makefile
config.status:777: creating src/matlab/Makefile
config.status:777: creating src/never-reached/Makefile
config.status:777: creating src/symmetric/Makefile
config.status:777: creating src/Score/Makefile
config.status:777: creating src/analysis-rules.mk
config.status:777: creating sanity/bin/run-once
config.status:777: creating sanity/Makefile
config.status:900: creating config.h
config.status:1016: config.h is unchanged
config.status:1196: executing depfiles commands

## ---------------- ##
## Cache variables. ##
## ---------------- ##

ac_cv_build=x86_64-unknown-linux-gnu
ac_cv_build_alias=x86_64-unknown-linux-gnu
ac_cv_c_compiler_gnu=yes
ac_cv_cxx_compiler_gnu=yes
ac_cv_env_CC_set=
ac_cv_env_CC_value=
ac_cv_env_CFLAGS_set=
ac_cv_env_CFLAGS_value=
ac_cv_env_CPPFLAGS_set=
ac_cv_env_CPPFLAGS_value=
ac_cv_env_CPP_set=
ac_cv_env_CPP_value=
ac_cv_env_CXXCPP_set=
ac_cv_env_CXXCPP_value=
ac_cv_env_CXXFLAGS_set=
ac_cv_env_CXXFLAGS_value=
ac_cv_env_CXX_set=
ac_cv_env_CXX_value=
ac_cv_env_F77_set=
ac_cv_env_F77_value=
ac_cv_env_FFLAGS_set=
ac_cv_env_FFLAGS_value=
ac_cv_env_LDFLAGS_set=
ac_cv_env_LDFLAGS_value=
ac_cv_env_build_alias_set=
ac_cv_env_build_alias_value=
ac_cv_env_host_alias_set=
ac_cv_env_host_alias_value=
ac_cv_env_target_alias_set=
ac_cv_env_target_alias_value=
ac_cv_exeext=
ac_cv_f77_compiler_gnu=no
ac_cv_header_argp_h=yes
ac_cv_header_boost_version_hpp=yes
ac_cv_header_cs_api_defs_h=no
ac_cv_header_dlfcn_h=yes
ac_cv_header_gsl_gsl_cdf_h=yes
ac_cv_header_inttypes_h=yes
ac_cv_header_memory_h=yes
ac_cv_header_stdc=yes
ac_cv_header_stdint_h=yes
ac_cv_header_stdlib_h=yes
ac_cv_header_string_h=yes
ac_cv_header_strings_h=yes
ac_cv_header_sys_stat_h=yes
ac_cv_header_sys_types_h=yes
ac_cv_header_unistd_h=yes
ac_cv_host=x86_64-unknown-linux-gnu
ac_cv_host_alias=x86_64-unknown-linux-gnu
ac_cv_lib_fl_yywrap=yes
ac_cv_objext=o
ac_cv_path_GSL_CONFIG=/usr/bin/gsl-config
ac_cv_path_PERL=/usr/bin/perl
ac_cv_path_install='/usr/bin/install -c'
ac_cv_path_sampler_cc=/usr/local/bin/sampler-cc
ac_cv_prog_AWK=mawk
ac_cv_prog_CPP='gcc -E'
ac_cv_prog_CXXCPP='g++ -E'
ac_cv_prog_LEX=flex
ac_cv_prog_ac_ct_AR=ar
ac_cv_prog_ac_ct_CC=gcc
ac_cv_prog_ac_ct_CXX=g++
ac_cv_prog_ac_ct_RANLIB=ranlib
ac_cv_prog_ac_ct_STRIP=strip
ac_cv_prog_cc_g=yes
ac_cv_prog_cc_stdc=
ac_cv_prog_cxx_g=yes
ac_cv_prog_egrep='grep -E'
ac_cv_prog_f77_g=no
ac_cv_prog_lex_root=lex.yy
ac_cv_prog_lex_yytext_pointer=yes
ac_cv_prog_make_make_set=yes
am_cv_CC_dependencies_compiler_type=gcc3
am_cv_CXX_dependencies_compiler_type=gcc3
lt_cv_deplibs_check_method=pass_all
lt_cv_file_magic_cmd='$MAGIC_CMD'
lt_cv_file_magic_test_file='/lib/libc.so* /lib/libc-*.so'
lt_cv_ld_reload_flag=-r
lt_cv_objdir=.libs
lt_cv_path_LD=/usr/bin/ld
lt_cv_path_LDCXX='/usr/bin/ld -m elf_x86_64'
lt_cv_path_NM='/usr/bin/nm -B'
lt_cv_path_SED=/bin/sed
lt_cv_prog_compiler_c_o=yes
lt_cv_prog_compiler_c_o_CXX=yes
lt_cv_prog_compiler_rtti_exceptions=no
lt_cv_prog_gnu_ld=yes
lt_cv_prog_gnu_ldcxx=yes
lt_cv_sys_global_symbol_pipe='sed -n -e '\''s/^.*[ 	]\([ABCDGIRSTW][ABCDGIRSTW]*\)[ 	][ 	]*\(\)\([_A-Za-z][_A-Za-z0-9]*\)$/\1 \2\3 \3/p'\'''
lt_cv_sys_global_symbol_to_c_name_address='sed -n -e '\''s/^: \([^ ]*\) $/  {\"\1\", (lt_ptr) 0},/p'\'' -e '\''s/^[BCDEGRST] \([^ ]*\) \([^ ]*\)$/  {"\2", (lt_ptr) \&\2},/p'\'''
lt_cv_sys_global_symbol_to_cdecl='sed -n -e '\''s/^. .* \(.*\)$/extern int \1;/p'\'''
lt_cv_sys_max_cmd_len=32768
lt_lt_cv_prog_compiler_c_o='"yes"'
lt_lt_cv_prog_compiler_c_o_CXX='"yes"'
lt_lt_cv_sys_global_symbol_pipe='"sed -n -e '\''s/^.*[ 	]\\([ABCDGIRSTW][ABCDGIRSTW]*\\)[ 	][ 	]*\\(\\)\\([_A-Za-z][_A-Za-z0-9]*\\)\$/\\1 \\2\\3 \\3/p'\''"'
lt_lt_cv_sys_global_symbol_to_c_name_address='"sed -n -e '\''s/^: \\([^ ]*\\) \$/  {\\\"\\1\\\", (lt_ptr) 0},/p'\'' -e '\''s/^[BCDEGRST] \\([^ ]*\\) \\([^ ]*\\)\$/  {\"\\2\", (lt_ptr) \\&\\2},/p'\''"'
lt_lt_cv_sys_global_symbol_to_cdecl='"sed -n -e '\''s/^. .* \\(.*\\)\$/extern int \\1;/p'\''"'

## ----------------- ##
## Output variables. ##
## ----------------- ##

ACLOCAL='${SHELL} /home/wslee/project/cbi/cbiexp-0.6/config-aux/missing --run aclocal-1.9'
AMDEPBACKSLASH='\'
AMDEP_FALSE='#'
AMDEP_TRUE=''
AMTAR='${SHELL} /home/wslee/project/cbi/cbiexp-0.6/config-aux/missing --run tar'
AR='ar'
AUTOCONF='${SHELL} /home/wslee/project/cbi/cbiexp-0.6/config-aux/missing --run autoconf'
AUTOHEADER='${SHELL} /home/wslee/project/cbi/cbiexp-0.6/config-aux/missing --run autoheader'
AUTOMAKE='${SHELL} /home/wslee/project/cbi/cbiexp-0.6/config-aux/missing --run automake-1.9'
AWK='mawk'
BOOST_CPPFLAGS='-I/home/wslee/project/cbi/cbiexp-0.6/../boost_1_39_0/'
CC='gcc'
CCDEPMODE='depmode=gcc3'
CFLAGS='-g -O2'
CPP='gcc -E'
CPPFLAGS=''
CSURF_ROOT='/p/cbi/public/codesurfer'
CXX='g++'
CXXCPP='g++ -E'
CXXDEPMODE='depmode=gcc3'
CXXFLAGS='-g -O2'
CYGPATH_W='echo'
DEFS='-DHAVE_CONFIG_H'
DEPDIR='.deps'
ECHO='echo'
ECHO_C=''
ECHO_N='-n'
ECHO_T=''
EGREP='grep -E'
ENABLE_AMPLIFY_FALSE=''
ENABLE_AMPLIFY_NATIVE_FALSE=''
ENABLE_AMPLIFY_NATIVE_TRUE='#'
ENABLE_AMPLIFY_PROFILING_FALSE=''
ENABLE_AMPLIFY_PROFILING_TRUE='#'
ENABLE_AMPLIFY_TRUE='#'
ENABLE_LINECOLORING_FALSE=''
ENABLE_LINECOLORING_TRUE='#'
ENABLE_PLSA_FALSE=''
ENABLE_PLSA_TRUE='#'
EXEEXT=''
F77=''
FFLAGS=''
GSL_CFLAGS='-I/usr/include'
GSL_CONFIG='/usr/bin/gsl-config'
GSL_LIBS='-L/usr/lib -lgsl -lgslcblas -lm'
HAVE_CODESURFER_FALSE=''
HAVE_CODESURFER_TRUE='#'
HAVE_GSL_CDF='1'
HAVE_GSL_CDF_FALSE='#'
HAVE_GSL_CDF_TRUE=''
HAVE_MEX=''
HAVE_MEX_FALSE=''
HAVE_MEX_TRUE='#'
INSTALL_DATA='${INSTALL} -m 644'
INSTALL_PROGRAM='${INSTALL}'
INSTALL_SCRIPT='${INSTALL}'
INSTALL_STRIP_PROGRAM='${SHELL} $(install_sh) -c -s'
LDFLAGS=''
LEX='flex'
LEXLIB='-lfl'
LEX_OUTPUT_ROOT='lex.yy'
LIBOBJS=''
LIBS=''
LIBTOOL='$(SHELL) $(top_builddir)/libtool'
LN_S='ln -s'
LTLIBOBJS=''
MAKEINFO='${SHELL} /home/wslee/project/cbi/cbiexp-0.6/config-aux/missing --run makeinfo'
OBJEXT='o'
PACKAGE='cbiexp'
PACKAGE_BUGREPORT=''
PACKAGE_NAME='cbiexp'
PACKAGE_STRING='cbiexp 0.6'
PACKAGE_TARNAME='cbiexp'
PACKAGE_VERSION='0.6'
PATH_SEPARATOR=':'
PERL='/usr/bin/perl'
RANLIB='ranlib'
SET_MAKE=''
SHELL='/bin/bash'
STRIP='strip'
VERSION='0.6'
ac_ct_AR='ar'
ac_ct_CC='gcc'
ac_ct_CXX='g++'
ac_ct_F77=''
ac_ct_RANLIB='ranlib'
ac_ct_STRIP='strip'
am__fastdepCC_FALSE='#'
am__fastdepCC_TRUE=''
am__fastdepCXX_FALSE='#'
am__fastdepCXX_TRUE=''
am__include='include'
am__leading_dot='.'
am__quote=''
am__tar='${AMTAR} chof - "$$tardir"'
am__untar='${AMTAR} xf -'
bindir='${exec_prefix}/bin'
build='x86_64-unknown-linux-gnu'
build_alias=''
build_cpu='x86_64'
build_os='linux-gnu'
build_vendor='unknown'
datadir='${prefix}/share'
exec_prefix='${prefix}'
host='x86_64-unknown-linux-gnu'
host_alias=''
host_cpu='x86_64'
host_os='linux-gnu'
host_vendor='unknown'
includedir='${prefix}/include'
infodir='${prefix}/info'
install_sh='/home/wslee/project/cbi/cbiexp-0.6/config-aux/install-sh'
libdir='${exec_prefix}/lib'
libexecdir='${exec_prefix}/libexec'
localstatedir='${prefix}/var'
mandir='${prefix}/man'
mkdir_p='mkdir -p --'
oldincludedir='/usr/include'
prefix='/usr/local'
program_transform_name='s,x,x,'
sampler_cc='/usr/local/bin/sampler-cc'
sampler_tooldir='/usr/local/lib/sampler/tools'
sbindir='${exec_prefix}/sbin'
sharedstatedir='${prefix}/com'
sysconfdir='${prefix}/etc'
target_alias=''

## ----------- ##
## confdefs.h. ##
## ----------- ##

#define HAVE_ARGP_H 1
#define HAVE_DLFCN_H 1
#define HAVE_DLFCN_H 1
#define HAVE_GNU_CXX_VERBOSE_TERMINATE_HANDLER 1
#define HAVE_INTTYPES_H 1
#define HAVE_MEMORY_H 1
#define HAVE_STDINT_H 1
#define HAVE_STDLIB_H 1
#define HAVE_STRINGS_H 1
#define HAVE_STRING_H 1
#define HAVE_SYS_STAT_H 1
#define HAVE_SYS_TYPES_H 1
#define HAVE_UNISTD_H 1
#define PACKAGE "cbiexp"
#define PACKAGE_BUGREPORT ""
#define PACKAGE_NAME "cbiexp"
#define PACKAGE_STRING "cbiexp 0.6"
#define PACKAGE_TARNAME "cbiexp"
#define PACKAGE_VERSION "0.6"
#define STDC_HEADERS 1
#define VERSION "0.6"
#define YYTEXT_POINTER 1
#endif
#ifdef __cplusplus
extern "C" void exit (int) throw ();

configure: exit 0
